docker.io/fluxcd/helm-controller:v0.27.0
docker.io/fluxcd/source-controller:v0.32.1
docker.io/intel/intel-gpu-initcontainer:0.26.0
docker.io/intel/intel-gpu-plugin:0.26.0
docker.io/intel/intel-qat-plugin:0.26.0
docker.io/openstackhelm/ceph-config-helper:ubuntu_focal-20230424
docker.io/starlingx/n3000-opae:stx.8.0-v1.0.2
gcr.io/kubebuilder/kube-rbac-proxy:v0.4.0
ghcr.io/k8snetworkplumbingwg/multus-cni:v3.9.2
ghcr.io/k8snetworkplumbingwg/sriov-cni:v2.6.3
ghcr.io/k8snetworkplumbingwg/sriov-network-device-plugin:v3.5.1
k8s.gcr.io/coredns/coredns:v1.8.6
k8s.gcr.io/etcd:3.5.3-0
k8s.gcr.io/kube-apiserver:v1.24.4
k8s.gcr.io/kube-controller-manager:v1.24.4
k8s.gcr.io/kube-proxy:v1.24.4
k8s.gcr.io/kube-scheduler:v1.24.4
k8s.gcr.io/pause:3.4.1
k8s.gcr.io/pause:3.7
k8s.gcr.io/sig-storage/csi-attacher:v4.2.0
k8s.gcr.io/sig-storage/csi-node-driver-registrar:v2.6.3
k8s.gcr.io/sig-storage/csi-provisioner:v3.4.1
k8s.gcr.io/sig-storage/csi-resizer:v1.7.0
k8s.gcr.io/sig-storage/csi-snapshotter:v6.2.1
quay.io/calico/cni:v3.24.0
quay.io/calico/kube-controllers:v3.24.0
quay.io/calico/node:v3.24.0
quay.io/cephcsi/cephcsi:v3.8.0
quay.io/jetstack/cert-manager-acmesolver:v1.11.1
quay.io/jetstack/cert-manager-cainjector:v1.11.1
quay.io/jetstack/cert-manager-controller:v1.11.1
quay.io/jetstack/cert-manager-ctl:v1.11.1
quay.io/jetstack/cert-manager-webhook:v1.11.1
quay.io/k8scsi/snapshot-controller:v2.0.0-rc2
quay.io/stackanetes/kubernetes-entrypoint:v0.3.1
registry.k8s.io/defaultbackend-amd64:1.5
registry.k8s.io/ingress-nginx/controller:v1.7.0
registry.k8s.io/ingress-nginx/kube-webhook-certgen:v20230312-helm-chart-4.5.2-28-g66a760794
registry.k8s.io/ingress-nginx/opentelemetry:v20230312-helm-chart-4.5.2-28-g66a760794
